2022-08-11 21:42:43,997  [INFO ]  Starting Open MTG. Playing 2 games
2022-08-11 21:42:43,997  [INFO ]  Silver player starts game
2022-08-11 21:42:45,942  [INFO ]  Game 1 is over! current standings: 1 - 0
2022-08-11 21:42:45,943  [INFO ]  Silver player starts game
2022-08-11 21:42:46,417  [INFO ]  Game 2 is over! current standings: 1 - 1
2022-08-11 21:42:46,417  [INFO ]  Player A won 1 out of 2
2022-08-11 21:42:46,418  [INFO ]  Player B won 1 out of 2
2022-08-11 21:42:46,418  [INFO ]  Quitting Open MTG


2022-08-11 21:47:35,510  [INFO ]  Starting Open MTG. Playing 2 games
2022-08-11 21:47:35,510  [INFO ]  Silver player starts game
2022-08-11 21:47:36,524  [INFO ]  Game 1 is over! current standings: 1 - 0
2022-08-11 21:47:36,525  [INFO ]  Gold player starts game
2022-08-11 21:47:38,209  [INFO ]  Game 2 is over! current standings: 1 - 1
2022-08-11 21:47:38,209  [INFO ]  Player A won 1 out of 2
2022-08-11 21:47:38,209  [INFO ]  Player B won 1 out of 2
2022-08-11 21:47:38,209  [INFO ]  Quitting Open MTG


2022-08-11 22:01:46,450  [INFO ]  Starting Open MTG. Playing 2 games
2022-08-11 22:01:46,451  [INFO ]  Gold player starts game
2022-08-11 22:01:49,069  [INFO ]  Game 1 is over! current standings: 1 - 0
2022-08-11 22:01:49,069  [INFO ]  Silver player starts game
2022-08-11 22:01:50,196  [INFO ]  Game 2 is over! current standings: 1 - 1
2022-08-11 22:01:50,197  [INFO ]  Player A won 1 out of 2
2022-08-11 22:01:50,197  [INFO ]  Player B won 1 out of 2
2022-08-11 22:01:50,197  [INFO ]  Quitting Open MTG


